[1025/231702.292:ERROR:process_reader_win.cc(123)] NtOpenThread: {无法访问} 过程已请求访问一对象，但未给访问权限。 (0xc0000022)
[1025/231702.294:ERROR:exception_snapshot_win.cc(99)] thread ID 12512 not found in process
[1025/231702.329:ERROR:process_reader_win.cc(123)] NtOpenThread: {无法访问} 过程已请求访问一对象，但未给访问权限。 (0xc0000022)
[1025/231702.329:ERROR:exception_snapshot_win.cc(99)] thread ID 14244 not found in process
[1025/231702.366:ERROR:process_reader_win.cc(123)] NtOpenThread: {无法访问} 过程已请求访问一对象，但未给访问权限。 (0xc0000022)
[1025/231702.366:ERROR:exception_snapshot_win.cc(99)] thread ID 11896 not found in process
[1025/231702.399:ERROR:process_reader_win.cc(123)] NtOpenThread: {无法访问} 过程已请求访问一对象，但未给访问权限。 (0xc0000022)
[1025/231702.400:ERROR:exception_snapshot_win.cc(99)] thread ID 21204 not found in process
[1025/231702.428:ERROR:process_reader_win.cc(123)] NtOpenThread: {无法访问} 过程已请求访问一对象，但未给访问权限。 (0xc0000022)
[1025/231702.428:ERROR:exception_snapshot_win.cc(99)] thread ID 19028 not found in process
[1025/231702.453:ERROR:process_reader_win.cc(123)] NtOpenThread: {无法访问} 过程已请求访问一对象，但未给访问权限。 (0xc0000022)
[1025/231702.453:ERROR:exception_snapshot_win.cc(99)] thread ID 42692 not found in process
[1025/231702.494:ERROR:process_reader_win.cc(123)] NtOpenThread: {无法访问} 过程已请求访问一对象，但未给访问权限。 (0xc0000022)
[1025/231702.494:ERROR:exception_snapshot_win.cc(99)] thread ID 41264 not found in process
[1025/231702.544:ERROR:process_reader_win.cc(123)] NtOpenThread: {无法访问} 过程已请求访问一对象，但未给访问权限。 (0xc0000022)
[1025/231702.544:ERROR:exception_snapshot_win.cc(99)] thread ID 4752 not found in process
[1025/231702.611:ERROR:process_reader_win.cc(123)] NtOpenThread: {无法访问} 过程已请求访问一对象，但未给访问权限。 (0xc0000022)
[1025/231702.611:ERROR:exception_snapshot_win.cc(99)] thread ID 1508 not found in process
[0128/162655.062:ERROR:directory_reader_win.cc(43)] FindFirstFile: 系统找不到指定的路径。 (0x3)
[0128/165538.399:ERROR:directory_reader_win.cc(43)] FindFirstFile: 系统找不到指定的路径。 (0x3)
[0128/174448.109:ERROR:directory_reader_win.cc(43)] FindFirstFile: 系统找不到指定的路径。 (0x3)
[0128/182846.486:ERROR:directory_reader_win.cc(43)] FindFirstFile: 系统找不到指定的路径。 (0x3)
[0128/184030.154:ERROR:process_reader_win.cc(123)] NtOpenThread: {无法访问} 过程已请求访问一对象，但未给访问权限。 (0xc0000022)
[0128/184030.158:ERROR:exception_snapshot_win.cc(99)] thread ID 7724 not found in process
[0128/184030.154:ERROR:process_reader_win.cc(123)] NtOpenThread: {无法访问} 过程已请求访问一对象，但未给访问权限。 (0xc0000022)
[0128/184030.158:ERROR:exception_snapshot_win.cc(99)] thread ID 33732 not found in process
[0128/184030.158:ERROR:process_reader_win.cc(123)] NtOpenThread: {无法访问} 过程已请求访问一对象，但未给访问权限。 (0xc0000022)
[0128/184030.159:ERROR:exception_snapshot_win.cc(99)] thread ID 31904 not found in process
[0128/184030.159:ERROR:process_reader_win.cc(123)] NtOpenThread: {无法访问} 过程已请求访问一对象，但未给访问权限。 (0xc0000022)
[0128/184030.159:ERROR:exception_snapshot_win.cc(99)] thread ID 1508 not found in process
[0128/184030.167:ERROR:process_reader_win.cc(123)] NtOpenThread: {无法访问} 过程已请求访问一对象，但未给访问权限。 (0xc0000022)
[0128/184030.167:ERROR:exception_snapshot_win.cc(99)] thread ID 31016 not found in process
[0128/184030.170:ERROR:process_reader_win.cc(123)] NtOpenThread: {无法访问} 过程已请求访问一对象，但未给访问权限。 (0xc0000022)
[0128/184030.171:ERROR:exception_snapshot_win.cc(99)] thread ID 34764 not found in process
[0128/184726.743:ERROR:process_reader_win.cc(123)] NtOpenThread: {无法访问} 过程已请求访问一对象，但未给访问权限。 (0xc0000022)
[0128/184726.749:ERROR:exception_snapshot_win.cc(99)] thread ID 9040 not found in process
[0128/184726.750:ERROR:process_reader_win.cc(123)] NtOpenThread: {无法访问} 过程已请求访问一对象，但未给访问权限。 (0xc0000022)
[0128/184726.750:ERROR:exception_snapshot_win.cc(99)] thread ID 33036 not found in process
[0128/184726.754:ERROR:process_reader_win.cc(123)] NtOpenThread: {无法访问} 过程已请求访问一对象，但未给访问权限。 (0xc0000022)
[0128/184726.754:ERROR:exception_snapshot_win.cc(99)] thread ID 32432 not found in process
[0128/184726.760:ERROR:process_reader_win.cc(123)] NtOpenThread: {无法访问} 过程已请求访问一对象，但未给访问权限。 (0xc0000022)
[0128/184726.760:ERROR:exception_snapshot_win.cc(99)] thread ID 26204 not found in process
[0128/184726.762:ERROR:process_reader_win.cc(123)] NtOpenThread: {无法访问} 过程已请求访问一对象，但未给访问权限。 (0xc0000022)
[0128/184726.762:ERROR:process_reader_win.cc(123)] NtOpenThread: {无法访问} 过程已请求访问一对象，但未给访问权限。 (0xc0000022)
[0128/184726.762:ERROR:exception_snapshot_win.cc(99)] thread ID 25324 not found in process
[0128/184726.762:ERROR:exception_snapshot_win.cc(99)] thread ID 27464 not found in process
[0128/185325.181:ERROR:process_reader_win.cc(123)] NtOpenThread: {无法访问} 过程已请求访问一对象，但未给访问权限。 (0xc0000022)
[0128/185325.187:ERROR:exception_snapshot_win.cc(99)] thread ID 27056 not found in process
[0128/185325.181:ERROR:process_reader_win.cc(123)] NtOpenThread: {无法访问} 过程已请求访问一对象，但未给访问权限。 (0xc0000022)
[0128/185325.189:ERROR:exception_snapshot_win.cc(99)] thread ID 28792 not found in process
[0128/185325.191:ERROR:process_reader_win.cc(123)] NtOpenThread: {无法访问} 过程已请求访问一对象，但未给访问权限。 (0xc0000022)
[0128/185325.192:ERROR:exception_snapshot_win.cc(99)] thread ID 1728 not found in process
[0128/185325.194:ERROR:process_reader_win.cc(123)] NtOpenThread: {无法访问} 过程已请求访问一对象，但未给访问权限。 (0xc0000022)
[0128/185325.195:ERROR:exception_snapshot_win.cc(99)] thread ID 7996 not found in process
[0128/185325.170:ERROR:process_reader_win.cc(123)] NtOpenThread: {无法访问} 过程已请求访问一对象，但未给访问权限。 (0xc0000022)
[0128/185325.198:ERROR:exception_snapshot_win.cc(99)] thread ID 24232 not found in process
[0128/185325.198:ERROR:process_reader_win.cc(123)] NtOpenThread: {无法访问} 过程已请求访问一对象，但未给访问权限。 (0xc0000022)
[0128/185325.198:ERROR:exception_snapshot_win.cc(99)] thread ID 11100 not found in process
[0128/185325.230:ERROR:process_reader_win.cc(123)] NtOpenThread: {无法访问} 过程已请求访问一对象，但未给访问权限。 (0xc0000022)
[0128/185325.230:ERROR:exception_snapshot_win.cc(99)] thread ID 32288 not found in process
[0128/185325.236:ERROR:process_reader_win.cc(123)] NtOpenThread: {无法访问} 过程已请求访问一对象，但未给访问权限。 (0xc0000022)
[0128/185325.236:ERROR:exception_snapshot_win.cc(99)] thread ID 21636 not found in process
[0128/185325.240:ERROR:process_reader_win.cc(123)] NtOpenThread: {无法访问} 过程已请求访问一对象，但未给访问权限。 (0xc0000022)
[0128/185325.241:ERROR:exception_snapshot_win.cc(99)] thread ID 1460 not found in process
[0128/185325.246:ERROR:process_reader_win.cc(123)] NtOpenThread: {无法访问} 过程已请求访问一对象，但未给访问权限。 (0xc0000022)
[0128/185325.247:ERROR:exception_snapshot_win.cc(99)] thread ID 32280 not found in process
[0128/185325.248:ERROR:process_reader_win.cc(123)] NtOpenThread: {无法访问} 过程已请求访问一对象，但未给访问权限。 (0xc0000022)
[0128/185325.248:ERROR:exception_snapshot_win.cc(99)] thread ID 10488 not found in process
[0128/185325.272:ERROR:process_reader_win.cc(123)] NtOpenThread: {无法访问} 过程已请求访问一对象，但未给访问权限。 (0xc0000022)
[0128/185325.272:ERROR:exception_snapshot_win.cc(99)] thread ID 31400 not found in process
[0128/190410.785:ERROR:directory_reader_win.cc(43)] FindFirstFile: 系统找不到指定的路径。 (0x3)
[0128/192447.151:ERROR:directory_reader_win.cc(43)] FindFirstFile: 系统找不到指定的路径。 (0x3)
[0128/192658.908:ERROR:directory_reader_win.cc(43)] FindFirstFile: 系统找不到指定的路径。 (0x3)
[0128/193143.471:ERROR:process_reader_win.cc(123)] NtOpenThread: {无法访问} 过程已请求访问一对象，但未给访问权限。 (0xc0000022)
[0128/193143.471:ERROR:exception_snapshot_win.cc(99)] thread ID 26656 not found in process
[0128/193143.493:ERROR:process_reader_win.cc(123)] NtOpenThread: {无法访问} 过程已请求访问一对象，但未给访问权限。 (0xc0000022)
[0128/193143.493:ERROR:exception_snapshot_win.cc(99)] thread ID 5756 not found in process
[0128/193143.498:ERROR:process_reader_win.cc(123)] NtOpenThread: {无法访问} 过程已请求访问一对象，但未给访问权限。 (0xc0000022)
[0128/193143.499:ERROR:exception_snapshot_win.cc(99)] thread ID 23720 not found in process
[0128/193143.501:ERROR:process_reader_win.cc(123)] NtOpenThread: {无法访问} 过程已请求访问一对象，但未给访问权限。 (0xc0000022)
[0128/193143.501:ERROR:process_reader_win.cc(123)] NtOpenThread: {无法访问} 过程已请求访问一对象，但未给访问权限。 (0xc0000022)
[0128/193143.501:ERROR:exception_snapshot_win.cc(99)] thread ID 12260 not found in process
[0128/193143.502:ERROR:exception_snapshot_win.cc(99)] thread ID 22124 not found in process
[0128/193143.514:ERROR:process_reader_win.cc(123)] NtOpenThread: {无法访问} 过程已请求访问一对象，但未给访问权限。 (0xc0000022)
[0128/193143.514:ERROR:exception_snapshot_win.cc(99)] thread ID 19120 not found in process
[0128/193143.515:ERROR:process_reader_win.cc(123)] NtOpenThread: {无法访问} 过程已请求访问一对象，但未给访问权限。 (0xc0000022)
[0128/193143.515:ERROR:exception_snapshot_win.cc(99)] thread ID 31552 not found in process
[0128/193143.524:ERROR:process_reader_win.cc(123)] NtOpenThread: {无法访问} 过程已请求访问一对象，但未给访问权限。 (0xc0000022)
[0128/193143.524:ERROR:exception_snapshot_win.cc(99)] thread ID 29488 not found in process
[0128/193143.528:ERROR:process_reader_win.cc(123)] NtOpenThread: {无法访问} 过程已请求访问一对象，但未给访问权限。 (0xc0000022)
[0128/193143.528:ERROR:exception_snapshot_win.cc(99)] thread ID 32084 not found in process
[0128/193143.532:ERROR:process_reader_win.cc(123)] NtOpenThread: {无法访问} 过程已请求访问一对象，但未给访问权限。 (0xc0000022)
[0128/193143.532:ERROR:exception_snapshot_win.cc(99)] thread ID 18412 not found in process
[0128/193143.552:ERROR:process_reader_win.cc(123)] NtOpenThread: {无法访问} 过程已请求访问一对象，但未给访问权限。 (0xc0000022)
[0128/193143.553:ERROR:exception_snapshot_win.cc(99)] thread ID 3788 not found in process
[0128/193143.562:ERROR:process_reader_win.cc(123)] NtOpenThread: {无法访问} 过程已请求访问一对象，但未给访问权限。 (0xc0000022)
[0128/193143.562:ERROR:exception_snapshot_win.cc(99)] thread ID 18560 not found in process
[0128/193143.607:ERROR:process_reader_win.cc(123)] NtOpenThread: {无法访问} 过程已请求访问一对象，但未给访问权限。 (0xc0000022)
[0128/193143.607:ERROR:exception_snapshot_win.cc(99)] thread ID 24168 not found in process
[0128/193143.613:ERROR:process_reader_win.cc(123)] NtOpenThread: {无法访问} 过程已请求访问一对象，但未给访问权限。 (0xc0000022)
[0128/193143.613:ERROR:exception_snapshot_win.cc(99)] thread ID 20352 not found in process
[0128/193143.615:ERROR:process_reader_win.cc(123)] NtOpenThread: {无法访问} 过程已请求访问一对象，但未给访问权限。 (0xc0000022)
[0128/193143.615:ERROR:exception_snapshot_win.cc(99)] thread ID 31244 not found in process
[0128/194159.570:ERROR:process_reader_win.cc(123)] NtOpenThread: {无法访问} 过程已请求访问一对象，但未给访问权限。 (0xc0000022)
[0128/194159.574:ERROR:exception_snapshot_win.cc(99)] thread ID 16304 not found in process
[0128/194159.603:ERROR:process_reader_win.cc(123)] NtOpenThread: {无法访问} 过程已请求访问一对象，但未给访问权限。 (0xc0000022)
[0128/194159.603:ERROR:exception_snapshot_win.cc(99)] thread ID 3276 not found in process
[0128/194159.633:ERROR:process_reader_win.cc(123)] NtOpenThread: {无法访问} 过程已请求访问一对象，但未给访问权限。 (0xc0000022)
[0128/194159.633:ERROR:exception_snapshot_win.cc(99)] thread ID 10364 not found in process
[0128/194159.656:ERROR:process_reader_win.cc(123)] NtOpenThread: {无法访问} 过程已请求访问一对象，但未给访问权限。 (0xc0000022)
[0128/194159.656:ERROR:exception_snapshot_win.cc(99)] thread ID 22708 not found in process
[0128/194159.682:ERROR:process_reader_win.cc(123)] NtOpenThread: {无法访问} 过程已请求访问一对象，但未给访问权限。 (0xc0000022)
[0128/194159.682:ERROR:exception_snapshot_win.cc(99)] thread ID 2612 not found in process
[0128/194159.708:ERROR:process_reader_win.cc(123)] NtOpenThread: {无法访问} 过程已请求访问一对象，但未给访问权限。 (0xc0000022)
[0128/194159.709:ERROR:exception_snapshot_win.cc(99)] thread ID 11016 not found in process
[0128/194159.735:ERROR:process_reader_win.cc(123)] NtOpenThread: {无法访问} 过程已请求访问一对象，但未给访问权限。 (0xc0000022)
[0128/194159.735:ERROR:exception_snapshot_win.cc(99)] thread ID 20404 not found in process
[0128/194159.757:ERROR:process_reader_win.cc(123)] NtOpenThread: {无法访问} 过程已请求访问一对象，但未给访问权限。 (0xc0000022)
[0128/194159.757:ERROR:exception_snapshot_win.cc(99)] thread ID 25820 not found in process
[0128/194159.782:ERROR:process_reader_win.cc(123)] NtOpenThread: {无法访问} 过程已请求访问一对象，但未给访问权限。 (0xc0000022)
[0128/194159.782:ERROR:exception_snapshot_win.cc(99)] thread ID 13592 not found in process
[0128/194159.816:ERROR:process_reader_win.cc(123)] NtOpenThread: {无法访问} 过程已请求访问一对象，但未给访问权限。 (0xc0000022)
[0128/194159.816:ERROR:exception_snapshot_win.cc(99)] thread ID 25076 not found in process
[0128/194159.852:ERROR:process_reader_win.cc(123)] NtOpenThread: {无法访问} 过程已请求访问一对象，但未给访问权限。 (0xc0000022)
[0128/194159.853:ERROR:exception_snapshot_win.cc(99)] thread ID 31480 not found in process
[0128/194159.877:ERROR:process_reader_win.cc(123)] NtOpenThread: {无法访问} 过程已请求访问一对象，但未给访问权限。 (0xc0000022)
[0128/194159.877:ERROR:exception_snapshot_win.cc(99)] thread ID 22740 not found in process
[0128/194159.910:ERROR:process_reader_win.cc(123)] NtOpenThread: {无法访问} 过程已请求访问一对象，但未给访问权限。 (0xc0000022)
[0128/194159.910:ERROR:exception_snapshot_win.cc(99)] thread ID 32392 not found in process
[0128/194159.954:ERROR:process_reader_win.cc(123)] NtOpenThread: {无法访问} 过程已请求访问一对象，但未给访问权限。 (0xc0000022)
[0128/194159.954:ERROR:exception_snapshot_win.cc(99)] thread ID 27892 not found in process
[0128/194219.025:ERROR:directory_reader_win.cc(43)] FindFirstFile: 系统找不到指定的路径。 (0x3)
[0128/195127.827:ERROR:directory_reader_win.cc(43)] FindFirstFile: 系统找不到指定的路径。 (0x3)
[0129/133154.544:ERROR:directory_reader_win.cc(43)] FindFirstFile: 系统找不到指定的路径。 (0x3)
[0129/161832.888:ERROR:directory_reader_win.cc(43)] FindFirstFile: 系统找不到指定的路径。 (0x3)
[0129/165401.239:ERROR:directory_reader_win.cc(43)] FindFirstFile: 系统找不到指定的路径。 (0x3)
[0129/173045.196:ERROR:process_reader_win.cc(123)] NtOpenThread: {无法访问} 过程已请求访问一对象，但未给访问权限。 (0xc0000022)
[0129/173045.208:ERROR:exception_snapshot_win.cc(99)] thread ID 31980 not found in process
[0129/173045.218:ERROR:process_reader_win.cc(123)] NtOpenThread: {无法访问} 过程已请求访问一对象，但未给访问权限。 (0xc0000022)
[0129/173045.219:ERROR:exception_snapshot_win.cc(99)] thread ID 23600 not found in process
[0129/173045.222:ERROR:process_reader_win.cc(123)] NtOpenThread: {无法访问} 过程已请求访问一对象，但未给访问权限。 (0xc0000022)
[0129/173045.222:ERROR:exception_snapshot_win.cc(99)] thread ID 25164 not found in process
[0129/173045.223:ERROR:process_reader_win.cc(123)] NtOpenThread: {无法访问} 过程已请求访问一对象，但未给访问权限。 (0xc0000022)
[0129/173045.223:ERROR:exception_snapshot_win.cc(99)] thread ID 15296 not found in process
[0129/173045.228:ERROR:process_reader_win.cc(123)] NtOpenThread: {无法访问} 过程已请求访问一对象，但未给访问权限。 (0xc0000022)
[0129/173045.228:ERROR:exception_snapshot_win.cc(99)] thread ID 17288 not found in process
[0129/173045.231:ERROR:process_reader_win.cc(123)] NtOpenThread: {无法访问} 过程已请求访问一对象，但未给访问权限。 (0xc0000022)
[0129/173045.231:ERROR:exception_snapshot_win.cc(99)] thread ID 20140 not found in process
[0129/173045.235:ERROR:process_reader_win.cc(123)] NtOpenThread: {无法访问} 过程已请求访问一对象，但未给访问权限。 (0xc0000022)
[0129/173045.235:ERROR:exception_snapshot_win.cc(99)] thread ID 11544 not found in process
[0129/173045.235:ERROR:process_reader_win.cc(123)] NtOpenThread: {无法访问} 过程已请求访问一对象，但未给访问权限。 (0xc0000022)
[0129/173045.235:ERROR:exception_snapshot_win.cc(99)] thread ID 24708 not found in process
[0129/173045.260:ERROR:process_reader_win.cc(123)] NtOpenThread: {无法访问} 过程已请求访问一对象，但未给访问权限。 (0xc0000022)
[0129/173045.261:ERROR:exception_snapshot_win.cc(99)] thread ID 25328 not found in process
[0129/173045.278:ERROR:process_reader_win.cc(123)] NtOpenThread: {无法访问} 过程已请求访问一对象，但未给访问权限。 (0xc0000022)
[0129/173045.278:ERROR:exception_snapshot_win.cc(99)] thread ID 11168 not found in process
[0129/173045.280:ERROR:process_reader_win.cc(123)] NtOpenThread: {无法访问} 过程已请求访问一对象，但未给访问权限。 (0xc0000022)
[0129/173045.280:ERROR:exception_snapshot_win.cc(99)] thread ID 14784 not found in process
[0129/173045.281:ERROR:process_reader_win.cc(123)] NtOpenThread: {无法访问} 过程已请求访问一对象，但未给访问权限。 (0xc0000022)
[0129/173045.282:ERROR:exception_snapshot_win.cc(99)] thread ID 13324 not found in process
[0129/173045.289:ERROR:process_reader_win.cc(123)] NtOpenThread: {无法访问} 过程已请求访问一对象，但未给访问权限。 (0xc0000022)
[0129/173045.289:ERROR:exception_snapshot_win.cc(99)] thread ID 1672 not found in process
[0129/173045.297:ERROR:process_reader_win.cc(123)] NtOpenThread: {无法访问} 过程已请求访问一对象，但未给访问权限。 (0xc0000022)
[0129/173045.297:ERROR:exception_snapshot_win.cc(99)] thread ID 38488 not found in process
[0129/173050.608:ERROR:directory_reader_win.cc(43)] FindFirstFile: 系统找不到指定的路径。 (0x3)
[0129/175237.131:ERROR:process_reader_win.cc(151)] SuspendThread: 拒绝访问。 (0x5)
[0129/175237.153:ERROR:process_reader_win.cc(151)] SuspendThread: 拒绝访问。 (0x5)
[0129/175237.153:ERROR:process_reader_win.cc(123)] NtOpenThread: {无法访问} 过程已请求访问一对象，但未给访问权限。 (0xc0000022)
[0129/175237.154:ERROR:exception_snapshot_win.cc(99)] thread ID 25168 not found in process
[0129/175237.112:ERROR:process_reader_win.cc(123)] NtOpenThread: {无法访问} 过程已请求访问一对象，但未给访问权限。 (0xc0000022)
[0129/175237.165:ERROR:exception_snapshot_win.cc(99)] thread ID 25280 not found in process
[0129/175237.232:ERROR:process_reader_win.cc(151)] SuspendThread: 拒绝访问。 (0x5)
[0129/175237.233:ERROR:process_reader_win.cc(151)] SuspendThread: 拒绝访问。 (0x5)
[0129/175237.233:ERROR:process_reader_win.cc(123)] NtOpenThread: {无法访问} 过程已请求访问一对象，但未给访问权限。 (0xc0000022)
[0129/175237.235:ERROR:exception_snapshot_win.cc(99)] thread ID 29304 not found in process
[0129/175237.107:ERROR:process_reader_win.cc(151)] SuspendThread: 拒绝访问。 (0x5)
[0129/175237.237:ERROR:process_reader_win.cc(123)] NtOpenThread: {无法访问} 过程已请求访问一对象，但未给访问权限。 (0xc0000022)
[0129/175237.237:ERROR:exception_snapshot_win.cc(99)] thread ID 12812 not found in process
[0129/175237.291:ERROR:process_reader_win.cc(151)] SuspendThread: 拒绝访问。 (0x5)
[0129/175237.291:ERROR:process_reader_win.cc(151)] SuspendThread: 拒绝访问。 (0x5)
[0129/175237.292:ERROR:process_reader_win.cc(151)] SuspendThread: 拒绝访问。 (0x5)
[0129/175237.292:ERROR:process_reader_win.cc(151)] SuspendThread: 拒绝访问。 (0x5)
[0129/175237.292:ERROR:process_reader_win.cc(151)] SuspendThread: 拒绝访问。 (0x5)
[0129/175237.292:ERROR:process_reader_win.cc(151)] SuspendThread: 拒绝访问。 (0x5)
[0129/175237.293:ERROR:process_reader_win.cc(151)] SuspendThread: 拒绝访问。 (0x5)
[0129/175237.293:ERROR:process_reader_win.cc(151)] SuspendThread: 拒绝访问。 (0x5)
[0129/175237.293:ERROR:process_reader_win.cc(151)] SuspendThread: 拒绝访问。 (0x5)
[0129/175237.293:ERROR:process_reader_win.cc(123)] NtOpenThread: {无法访问} 过程已请求访问一对象，但未给访问权限。 (0xc0000022)
[0129/175237.293:ERROR:exception_snapshot_win.cc(99)] thread ID 13620 not found in process
[0129/175237.298:ERROR:process_reader_win.cc(151)] SuspendThread: 拒绝访问。 (0x5)
[0129/175237.298:ERROR:process_reader_win.cc(151)] SuspendThread: 拒绝访问。 (0x5)
[0129/175237.298:ERROR:process_reader_win.cc(151)] SuspendThread: 拒绝访问。 (0x5)
[0129/175237.298:ERROR:process_reader_win.cc(151)] SuspendThread: 拒绝访问。 (0x5)
[0129/175237.298:ERROR:process_reader_win.cc(151)] SuspendThread: 拒绝访问。 (0x5)
[0129/175237.304:ERROR:process_reader_win.cc(151)] SuspendThread: 拒绝访问。 (0x5)
[0129/175237.305:ERROR:process_reader_win.cc(151)] SuspendThread: 拒绝访问。 (0x5)
[0129/175237.305:ERROR:process_reader_win.cc(151)] SuspendThread: 拒绝访问。 (0x5)
[0129/175237.305:ERROR:process_reader_win.cc(151)] SuspendThread: 拒绝访问。 (0x5)
[0129/175237.305:ERROR:process_reader_win.cc(151)] SuspendThread: 拒绝访问。 (0x5)
[0129/175237.305:ERROR:process_reader_win.cc(123)] NtOpenThread: {无法访问} 过程已请求访问一对象，但未给访问权限。 (0xc0000022)
[0129/175237.305:ERROR:process_reader_win.cc(151)] SuspendThread: 拒绝访问。 (0x5)
[0129/175237.305:ERROR:process_reader_win.cc(151)] SuspendThread: 拒绝访问。 (0x5)
[0129/175237.305:ERROR:process_reader_win.cc(151)] SuspendThread: 拒绝访问。 (0x5)
[0129/175237.305:ERROR:process_reader_win.cc(151)] SuspendThread: 拒绝访问。 (0x5)
[0129/175237.305:ERROR:process_reader_win.cc(123)] NtOpenThread: {无法访问} 过程已请求访问一对象，但未给访问权限。 (0xc0000022)
[0129/175237.305:ERROR:exception_snapshot_win.cc(99)] thread ID 26852 not found in process
[0129/175237.305:ERROR:exception_snapshot_win.cc(99)] thread ID 35068 not found in process
[0129/181556.671:ERROR:process_reader_win.cc(123)] NtOpenThread: 指定无效的客户端 ID。 (0xc000000b)
[0129/181556.679:ERROR:process_reader_win.cc(151)] SuspendThread: 拒绝访问。 (0x5)
[0129/181556.680:ERROR:process_reader_win.cc(151)] SuspendThread: 拒绝访问。 (0x5)
[0129/181556.680:ERROR:process_reader_win.cc(123)] NtOpenThread: {无法访问} 过程已请求访问一对象，但未给访问权限。 (0xc0000022)
[0129/181556.680:ERROR:exception_snapshot_win.cc(99)] thread ID 13408 not found in process
[0129/181556.680:ERROR:process_reader_win.cc(123)] NtOpenThread: {无法访问} 过程已请求访问一对象，但未给访问权限。 (0xc0000022)
[0129/181556.680:ERROR:exception_snapshot_win.cc(99)] thread ID 8976 not found in process
[0129/181556.691:ERROR:process_reader_win.cc(151)] SuspendThread: 拒绝访问。 (0x5)
[0129/181556.701:ERROR:process_reader_win.cc(151)] SuspendThread: 拒绝访问。 (0x5)
[0129/181556.701:ERROR:process_reader_win.cc(123)] NtOpenThread: {无法访问} 过程已请求访问一对象，但未给访问权限。 (0xc0000022)
[0129/181556.701:ERROR:exception_snapshot_win.cc(99)] thread ID 21824 not found in process
[0129/181556.702:ERROR:process_reader_win.cc(151)] SuspendThread: 拒绝访问。 (0x5)
[0129/181556.703:ERROR:process_reader_win.cc(151)] SuspendThread: 拒绝访问。 (0x5)
[0129/181556.703:ERROR:process_reader_win.cc(151)] SuspendThread: 拒绝访问。 (0x5)
[0129/181556.703:ERROR:process_reader_win.cc(123)] NtOpenThread: {无法访问} 过程已请求访问一对象，但未给访问权限。 (0xc0000022)
[0129/181556.703:ERROR:exception_snapshot_win.cc(99)] thread ID 36128 not found in process
[0129/181650.678:ERROR:directory_reader_win.cc(43)] FindFirstFile: 系统找不到指定的路径。 (0x3)
[0129/181744.665:ERROR:process_reader_win.cc(123)] NtOpenThread: {无法访问} 过程已请求访问一对象，但未给访问权限。 (0xc0000022)
[0129/181744.668:ERROR:exception_snapshot_win.cc(99)] thread ID 33956 not found in process
[0129/181744.680:ERROR:process_reader_win.cc(123)] NtOpenThread: {无法访问} 过程已请求访问一对象，但未给访问权限。 (0xc0000022)
[0129/181744.680:ERROR:exception_snapshot_win.cc(99)] thread ID 12032 not found in process
[0129/181744.684:ERROR:process_reader_win.cc(123)] NtOpenThread: {无法访问} 过程已请求访问一对象，但未给访问权限。 (0xc0000022)
[0129/181744.684:ERROR:exception_snapshot_win.cc(99)] thread ID 5392 not found in process
[0129/181744.715:ERROR:process_reader_win.cc(123)] NtOpenThread: {无法访问} 过程已请求访问一对象，但未给访问权限。 (0xc0000022)
[0129/181744.716:ERROR:exception_snapshot_win.cc(99)] thread ID 31880 not found in process
[0129/181744.733:ERROR:process_reader_win.cc(123)] NtOpenThread: {无法访问} 过程已请求访问一对象，但未给访问权限。 (0xc0000022)
[0129/181744.733:ERROR:exception_snapshot_win.cc(99)] thread ID 23228 not found in process
[0129/181744.736:ERROR:process_reader_win.cc(123)] NtOpenThread: {无法访问} 过程已请求访问一对象，但未给访问权限。 (0xc0000022)
[0129/181744.736:ERROR:exception_snapshot_win.cc(99)] thread ID 15416 not found in process
[0129/181744.838:ERROR:process_reader_win.cc(123)] NtOpenThread: {无法访问} 过程已请求访问一对象，但未给访问权限。 (0xc0000022)
[0129/181744.839:ERROR:exception_snapshot_win.cc(99)] thread ID 29456 not found in process
[0129/181744.841:ERROR:process_reader_win.cc(123)] NtOpenThread: {无法访问} 过程已请求访问一对象，但未给访问权限。 (0xc0000022)
[0129/181744.841:ERROR:exception_snapshot_win.cc(99)] thread ID 11016 not found in process
[0129/181744.848:ERROR:process_reader_win.cc(123)] NtOpenThread: {无法访问} 过程已请求访问一对象，但未给访问权限。 (0xc0000022)
[0129/181744.848:ERROR:exception_snapshot_win.cc(99)] thread ID 33488 not found in process
[0129/181744.884:ERROR:process_reader_win.cc(123)] NtOpenThread: {无法访问} 过程已请求访问一对象，但未给访问权限。 (0xc0000022)
[0129/181744.884:ERROR:exception_snapshot_win.cc(99)] thread ID 38836 not found in process
[0129/182135.957:ERROR:directory_reader_win.cc(43)] FindFirstFile: 系统找不到指定的路径。 (0x3)
[0129/213905.049:ERROR:directory_reader_win.cc(43)] FindFirstFile: 系统找不到指定的路径。 (0x3)
[0129/214009.497:ERROR:process_reader_win.cc(123)] NtOpenThread: {无法访问} 过程已请求访问一对象，但未给访问权限。 (0xc0000022)
[0129/214009.497:ERROR:process_reader_win.cc(123)] NtOpenThread: {无法访问} 过程已请求访问一对象，但未给访问权限。 (0xc0000022)
[0129/214009.497:ERROR:exception_snapshot_win.cc(99)] thread ID 3732 not found in process
[0129/214009.498:ERROR:exception_snapshot_win.cc(99)] thread ID 31008 not found in process
[0129/214009.494:ERROR:process_reader_win.cc(123)] NtOpenThread: {无法访问} 过程已请求访问一对象，但未给访问权限。 (0xc0000022)
[0129/214009.498:ERROR:exception_snapshot_win.cc(99)] thread ID 33628 not found in process
[0129/214009.502:ERROR:process_reader_win.cc(123)] NtOpenThread: {无法访问} 过程已请求访问一对象，但未给访问权限。 (0xc0000022)
[0129/214009.502:ERROR:exception_snapshot_win.cc(99)] thread ID 33272 not found in process
[0129/214009.510:ERROR:process_reader_win.cc(123)] NtOpenThread: {无法访问} 过程已请求访问一对象，但未给访问权限。 (0xc0000022)
[0129/214009.510:ERROR:exception_snapshot_win.cc(99)] thread ID 38128 not found in process
[0129/214009.512:ERROR:process_reader_win.cc(123)] NtOpenThread: {无法访问} 过程已请求访问一对象，但未给访问权限。 (0xc0000022)
[0129/214009.512:ERROR:exception_snapshot_win.cc(99)] thread ID 24948 not found in process
[0129/214009.518:ERROR:process_reader_win.cc(123)] NtOpenThread: {无法访问} 过程已请求访问一对象，但未给访问权限。 (0xc0000022)
[0129/214009.518:ERROR:exception_snapshot_win.cc(99)] thread ID 9040 not found in process
[0129/214009.530:ERROR:process_reader_win.cc(123)] NtOpenThread: {无法访问} 过程已请求访问一对象，但未给访问权限。 (0xc0000022)
[0129/214009.530:ERROR:exception_snapshot_win.cc(99)] thread ID 39828 not found in process
[0129/214009.555:ERROR:process_reader_win.cc(123)] NtOpenThread: {无法访问} 过程已请求访问一对象，但未给访问权限。 (0xc0000022)
[0129/214009.555:ERROR:exception_snapshot_win.cc(99)] thread ID 32516 not found in process
